ERROR - 2025-06-02 20:29:01 --> Error connecting to the database: mysqli_sql_exception: Access denied for user ''@'localhost' (using password: YES) in C:\wamp64\www\ficha_um\system\Database\MySQLi\Connection.php:201
Stack trace:
#0 C:\wamp64\www\ficha_um\system\Database\MySQLi\Connection.php(201): mysqli->real_connect('localhost', '', Object(SensitiveParameterValue), '', 3306, '', 0)
#1 C:\wamp64\www\ficha_um\system\Database\BaseConnection.php(421): CodeIgniter\Database\MySQLi\Connection->connect(false)
#2 C:\wamp64\www\ficha_um\system\Database\BaseConnection.php(620): CodeIgniter\Database\BaseConnection->initialize()
#3 C:\wamp64\www\ficha_um\system\Database\BaseConnection.php(1525): CodeIgniter\Database\BaseConnection->query('SHOW TABLES FRO...')
#4 C:\wamp64\www\ficha_um\system\Database\BaseConnection.php(1545): CodeIgniter\Database\BaseConnection->listTables()
#5 C:\wamp64\www\ficha_um\system\Database\MigrationRunner.php(768): CodeIgniter\Database\BaseConnection->tableExists('migrations')
#6 C:\wamp64\www\ficha_um\system\Database\MigrationRunner.php(162): CodeIgniter\Database\MigrationRunner->ensureTable()
#7 C:\wamp64\www\ficha_um\system\Commands\Database\Migrate.php(85): CodeIgniter\Database\MigrationRunner->latest(NULL)
#8 C:\wamp64\www\ficha_um\system\CLI\Commands.php(74): CodeIgniter\Commands\Database\Migrate->run(Array)
#9 C:\wamp64\www\ficha_um\system\CLI\Console.php(47): CodeIgniter\CLI\Commands->run('migrate', Array)
#10 C:\wamp64\www\ficha_um\system\Boot.php(360): CodeIgniter\CLI\Console->run()
#11 C:\wamp64\www\ficha_um\system\Boot.php(104): CodeIgniter\Boot::runCommand(Object(CodeIgniter\CLI\Console))
#12 C:\wamp64\www\ficha_um\spark(87): CodeIgniter\Boot::bootSpark(Object(Config\Paths))
#13 {main}

Next CodeIgniter\Database\Exceptions\DatabaseException: Access denied for user ''@'localhost' (using password: YES) in C:\wamp64\www\ficha_um\system\Database\MySQLi\Connection.php:246
Stack trace:
#0 C:\wamp64\www\ficha_um\system\Database\BaseConnection.php(421): CodeIgniter\Database\MySQLi\Connection->connect(false)
#1 C:\wamp64\www\ficha_um\system\Database\BaseConnection.php(620): CodeIgniter\Database\BaseConnection->initialize()
#2 C:\wamp64\www\ficha_um\system\Database\BaseConnection.php(1525): CodeIgniter\Database\BaseConnection->query('SHOW TABLES FRO...')
#3 C:\wamp64\www\ficha_um\system\Database\BaseConnection.php(1545): CodeIgniter\Database\BaseConnection->listTables()
#4 C:\wamp64\www\ficha_um\system\Database\MigrationRunner.php(768): CodeIgniter\Database\BaseConnection->tableExists('migrations')
#5 C:\wamp64\www\ficha_um\system\Database\MigrationRunner.php(162): CodeIgniter\Database\MigrationRunner->ensureTable()
#6 C:\wamp64\www\ficha_um\system\Commands\Database\Migrate.php(85): CodeIgniter\Database\MigrationRunner->latest(NULL)
#7 C:\wamp64\www\ficha_um\system\CLI\Commands.php(74): CodeIgniter\Commands\Database\Migrate->run(Array)
#8 C:\wamp64\www\ficha_um\system\CLI\Console.php(47): CodeIgniter\CLI\Commands->run('migrate', Array)
#9 C:\wamp64\www\ficha_um\system\Boot.php(360): CodeIgniter\CLI\Console->run()
#10 C:\wamp64\www\ficha_um\system\Boot.php(104): CodeIgniter\Boot::runCommand(Object(CodeIgniter\CLI\Console))
#11 C:\wamp64\www\ficha_um\spark(87): CodeIgniter\Boot::bootSpark(Object(Config\Paths))
#12 {main}
ERROR - 2025-06-02 20:29:32 --> mysqli_sql_exception: Invalid default value for 'criado_em' in C:\wamp64\www\ficha_um\system\Database\MySQLi\Connection.php:327
Stack trace:
#0 C:\wamp64\www\ficha_um\system\Database\MySQLi\Connection.php(327): mysqli->query('CREATE TABLE `f...', 0)
#1 C:\wamp64\www\ficha_um\system\Database\BaseConnection.php(738): CodeIgniter\Database\MySQLi\Connection->execute('CREATE TABLE `f...')
#2 C:\wamp64\www\ficha_um\system\Database\BaseConnection.php(652): CodeIgniter\Database\BaseConnection->simpleQuery('CREATE TABLE `f...')
#3 C:\wamp64\www\ficha_um\system\Database\Forge.php(570): CodeIgniter\Database\BaseConnection->query('CREATE TABLE `f...')
#4 C:\wamp64\www\ficha_um\app\Database\Migrations\2025-06-02-202754_CreateFichasTable.php(38): CodeIgniter\Database\Forge->createTable('fichas')
#5 C:\wamp64\www\ficha_um\system\Database\MigrationRunner.php(876): App\Database\Migrations\CreateFichasTable->up()
#6 C:\wamp64\www\ficha_um\system\Database\MigrationRunner.php(182): CodeIgniter\Database\MigrationRunner->migrate('up', Object(stdClass))
#7 C:\wamp64\www\ficha_um\system\Commands\Database\Migrate.php(85): CodeIgniter\Database\MigrationRunner->latest(NULL)
#8 C:\wamp64\www\ficha_um\system\CLI\Commands.php(74): CodeIgniter\Commands\Database\Migrate->run(Array)
#9 C:\wamp64\www\ficha_um\system\CLI\Console.php(47): CodeIgniter\CLI\Commands->run('migrate', Array)
#10 C:\wamp64\www\ficha_um\system\Boot.php(360): CodeIgniter\CLI\Console->run()
#11 C:\wamp64\www\ficha_um\system\Boot.php(104): CodeIgniter\Boot::runCommand(Object(CodeIgniter\CLI\Console))
#12 C:\wamp64\www\ficha_um\spark(87): CodeIgniter\Boot::bootSpark(Object(Config\Paths))
#13 {main}
ERROR - 2025-06-02 20:30:01 --> mysqli_sql_exception: Invalid default value for 'criado_em' in C:\wamp64\www\ficha_um\system\Database\MySQLi\Connection.php:327
Stack trace:
#0 C:\wamp64\www\ficha_um\system\Database\MySQLi\Connection.php(327): mysqli->query('CREATE TABLE `f...', 0)
#1 C:\wamp64\www\ficha_um\system\Database\BaseConnection.php(738): CodeIgniter\Database\MySQLi\Connection->execute('CREATE TABLE `f...')
#2 C:\wamp64\www\ficha_um\system\Database\BaseConnection.php(652): CodeIgniter\Database\BaseConnection->simpleQuery('CREATE TABLE `f...')
#3 C:\wamp64\www\ficha_um\system\Database\Forge.php(570): CodeIgniter\Database\BaseConnection->query('CREATE TABLE `f...')
#4 C:\wamp64\www\ficha_um\app\Database\Migrations\2025-06-02-202754_CreateFichasTable.php(38): CodeIgniter\Database\Forge->createTable('fichas')
#5 C:\wamp64\www\ficha_um\system\Database\MigrationRunner.php(876): App\Database\Migrations\CreateFichasTable->up()
#6 C:\wamp64\www\ficha_um\system\Database\MigrationRunner.php(182): CodeIgniter\Database\MigrationRunner->migrate('up', Object(stdClass))
#7 C:\wamp64\www\ficha_um\system\Commands\Database\Migrate.php(85): CodeIgniter\Database\MigrationRunner->latest(NULL)
#8 C:\wamp64\www\ficha_um\system\CLI\Commands.php(74): CodeIgniter\Commands\Database\Migrate->run(Array)
#9 C:\wamp64\www\ficha_um\system\CLI\Console.php(47): CodeIgniter\CLI\Commands->run('migrate', Array)
#10 C:\wamp64\www\ficha_um\system\Boot.php(360): CodeIgniter\CLI\Console->run()
#11 C:\wamp64\www\ficha_um\system\Boot.php(104): CodeIgniter\Boot::runCommand(Object(CodeIgniter\CLI\Console))
#12 C:\wamp64\www\ficha_um\spark(87): CodeIgniter\Boot::bootSpark(Object(Config\Paths))
#13 {main}
ERROR - 2025-06-02 20:31:16 --> mysqli_sql_exception: Invalid default value for 'criado_em' in C:\wamp64\www\ficha_um\system\Database\MySQLi\Connection.php:327
Stack trace:
#0 C:\wamp64\www\ficha_um\system\Database\MySQLi\Connection.php(327): mysqli->query('CREATE TABLE `f...', 0)
#1 C:\wamp64\www\ficha_um\system\Database\BaseConnection.php(738): CodeIgniter\Database\MySQLi\Connection->execute('CREATE TABLE `f...')
#2 C:\wamp64\www\ficha_um\system\Database\BaseConnection.php(652): CodeIgniter\Database\BaseConnection->simpleQuery('CREATE TABLE `f...')
#3 C:\wamp64\www\ficha_um\system\Database\Forge.php(570): CodeIgniter\Database\BaseConnection->query('CREATE TABLE `f...')
#4 C:\wamp64\www\ficha_um\app\Database\Migrations\2025-06-02-202754_CreateFichasTable.php(39): CodeIgniter\Database\Forge->createTable('fichas')
#5 C:\wamp64\www\ficha_um\system\Database\MigrationRunner.php(876): App\Database\Migrations\CreateFichasTable->up()
#6 C:\wamp64\www\ficha_um\system\Database\MigrationRunner.php(182): CodeIgniter\Database\MigrationRunner->migrate('up', Object(stdClass))
#7 C:\wamp64\www\ficha_um\system\Commands\Database\Migrate.php(85): CodeIgniter\Database\MigrationRunner->latest(NULL)
#8 C:\wamp64\www\ficha_um\system\CLI\Commands.php(74): CodeIgniter\Commands\Database\Migrate->run(Array)
#9 C:\wamp64\www\ficha_um\system\CLI\Console.php(47): CodeIgniter\CLI\Commands->run('migrate', Array)
#10 C:\wamp64\www\ficha_um\system\Boot.php(360): CodeIgniter\CLI\Console->run()
#11 C:\wamp64\www\ficha_um\system\Boot.php(104): CodeIgniter\Boot::runCommand(Object(CodeIgniter\CLI\Console))
#12 C:\wamp64\www\ficha_um\spark(87): CodeIgniter\Boot::bootSpark(Object(Config\Paths))
#13 {main}
ERROR - 2025-06-02 20:31:57 --> mysqli_sql_exception: Invalid default value for 'criado_em' in C:\wamp64\www\ficha_um\system\Database\MySQLi\Connection.php:327
Stack trace:
#0 C:\wamp64\www\ficha_um\system\Database\MySQLi\Connection.php(327): mysqli->query('CREATE TABLE `f...', 0)
#1 C:\wamp64\www\ficha_um\system\Database\BaseConnection.php(738): CodeIgniter\Database\MySQLi\Connection->execute('CREATE TABLE `f...')
#2 C:\wamp64\www\ficha_um\system\Database\BaseConnection.php(652): CodeIgniter\Database\BaseConnection->simpleQuery('CREATE TABLE `f...')
#3 C:\wamp64\www\ficha_um\system\Database\Forge.php(570): CodeIgniter\Database\BaseConnection->query('CREATE TABLE `f...')
#4 C:\wamp64\www\ficha_um\app\Database\Migrations\2025-06-02-202754_CreateFichasTable.php(39): CodeIgniter\Database\Forge->createTable('fichas')
#5 C:\wamp64\www\ficha_um\system\Database\MigrationRunner.php(876): App\Database\Migrations\CreateFichasTable->up()
#6 C:\wamp64\www\ficha_um\system\Database\MigrationRunner.php(182): CodeIgniter\Database\MigrationRunner->migrate('up', Object(stdClass))
#7 C:\wamp64\www\ficha_um\system\Commands\Database\Migrate.php(85): CodeIgniter\Database\MigrationRunner->latest(NULL)
#8 C:\wamp64\www\ficha_um\system\CLI\Commands.php(74): CodeIgniter\Commands\Database\Migrate->run(Array)
#9 C:\wamp64\www\ficha_um\system\CLI\Console.php(47): CodeIgniter\CLI\Commands->run('migrate', Array)
#10 C:\wamp64\www\ficha_um\system\Boot.php(360): CodeIgniter\CLI\Console->run()
#11 C:\wamp64\www\ficha_um\system\Boot.php(104): CodeIgniter\Boot::runCommand(Object(CodeIgniter\CLI\Console))
#12 C:\wamp64\www\ficha_um\spark(87): CodeIgniter\Boot::bootSpark(Object(Config\Paths))
#13 {main}
