DEBUG - 2025-07-20 22:06:42 --> Session: Class initialized using 'CodeIgniter\Session\Handlers\FileHandler' driver.
DEBUG - 2025-07-20 22:06:42 --> Session: Class initialized using 'CodeIgniter\Session\Handlers\FileHandler' driver.
DEBUG - 2025-07-20 22:06:46 --> Session: Class initialized using 'CodeIgniter\Session\Handlers\FileHandler' driver.
ERROR - 2025-07-20 22:07:16 --> Error connecting to the database: mysqli_sql_exception: Nenhuma conexão pôde ser feita porque a máquina de destino as recusou ativamente in C:\wamp64\www\ficha-um\system\Database\MySQLi\Connection.php:201
Stack trace:
#0 C:\wamp64\www\ficha-um\system\Database\MySQLi\Connection.php(201): mysqli->real_connect('localhost', 'root', Object(SensitiveParameterValue), 'sistema_filas', 3306, '', 0)
#1 C:\wamp64\www\ficha-um\system\Database\BaseConnection.php(421): CodeIgniter\Database\MySQLi\Connection->connect(false)
#2 C:\wamp64\www\ficha-um\system\Database\BaseConnection.php(620): CodeIgniter\Database\BaseConnection->initialize()
#3 C:\wamp64\www\ficha-um\system\Database\BaseBuilder.php(1649): CodeIgniter\Database\BaseConnection->query('SELECT 1\nFROM `...', Array, false)
#4 C:\wamp64\www\ficha-um\system\Validation\Rules.php(175): CodeIgniter\Database\BaseBuilder->get()
#5 C:\wamp64\www\ficha-um\system\Validation\StrictRules\Rules.php(187): CodeIgniter\Validation\Rules->is_unique('11', 'postos.cnes', Array)
#6 C:\wamp64\www\ficha-um\system\Validation\Validation.php(336): CodeIgniter\Validation\StrictRules\Rules->is_unique('11', 'postos.cnes', Array, NULL, 'cnes')
#7 C:\wamp64\www\ficha-um\system\Validation\Validation.php(201): CodeIgniter\Validation\Validation->processRules('cnes', 'cnes', '11', Array, Array, 'cnes')
#8 C:\wamp64\www\ficha-um\app\Controllers\PostoController.php(35): CodeIgniter\Validation\Validation->run()
#9 C:\wamp64\www\ficha-um\system\CodeIgniter.php(933): App\Controllers\PostoController->store()
#10 C:\wamp64\www\ficha-um\system\CodeIgniter.php(507): CodeIgniter\CodeIgniter->runController(Object(App\Controllers\PostoController))
#11 C:\wamp64\www\ficha-um\system\CodeIgniter.php(354): CodeIgniter\CodeIgniter->handleRequest(NULL, Object(Config\Cache), false)
#12 C:\wamp64\www\ficha-um\system\Boot.php(334): CodeIgniter\CodeIgniter->run()
#13 C:\wamp64\www\ficha-um\system\Boot.php(67): CodeIgniter\Boot::runCodeIgniter(Object(CodeIgniter\CodeIgniter))
#14 C:\wamp64\www\ficha-um\public\index.php(59): CodeIgniter\Boot::bootWeb(Object(Config\Paths))
#15 C:\wamp64\www\ficha-um\system\rewrite.php(44): require_once('C:\\wamp64\\www\\f...')
#16 {main}

Next CodeIgniter\Database\Exceptions\DatabaseException: Nenhuma conexão pôde ser feita porque a máquina de destino as recusou ativamente in C:\wamp64\www\ficha-um\system\Database\MySQLi\Connection.php:246
Stack trace:
#0 C:\wamp64\www\ficha-um\system\Database\BaseConnection.php(421): CodeIgniter\Database\MySQLi\Connection->connect(false)
#1 C:\wamp64\www\ficha-um\system\Database\BaseConnection.php(620): CodeIgniter\Database\BaseConnection->initialize()
#2 C:\wamp64\www\ficha-um\system\Database\BaseBuilder.php(1649): CodeIgniter\Database\BaseConnection->query('SELECT 1\nFROM `...', Array, false)
#3 C:\wamp64\www\ficha-um\system\Validation\Rules.php(175): CodeIgniter\Database\BaseBuilder->get()
#4 C:\wamp64\www\ficha-um\system\Validation\StrictRules\Rules.php(187): CodeIgniter\Validation\Rules->is_unique('11', 'postos.cnes', Array)
#5 C:\wamp64\www\ficha-um\system\Validation\Validation.php(336): CodeIgniter\Validation\StrictRules\Rules->is_unique('11', 'postos.cnes', Array, NULL, 'cnes')
#6 C:\wamp64\www\ficha-um\system\Validation\Validation.php(201): CodeIgniter\Validation\Validation->processRules('cnes', 'cnes', '11', Array, Array, 'cnes')
#7 C:\wamp64\www\ficha-um\app\Controllers\PostoController.php(35): CodeIgniter\Validation\Validation->run()
#8 C:\wamp64\www\ficha-um\system\CodeIgniter.php(933): App\Controllers\PostoController->store()
#9 C:\wamp64\www\ficha-um\system\CodeIgniter.php(507): CodeIgniter\CodeIgniter->runController(Object(App\Controllers\PostoController))
#10 C:\wamp64\www\ficha-um\system\CodeIgniter.php(354): CodeIgniter\CodeIgniter->handleRequest(NULL, Object(Config\Cache), false)
#11 C:\wamp64\www\ficha-um\system\Boot.php(334): CodeIgniter\CodeIgniter->run()
#12 C:\wamp64\www\ficha-um\system\Boot.php(67): CodeIgniter\Boot::runCodeIgniter(Object(CodeIgniter\CodeIgniter))
#13 C:\wamp64\www\ficha-um\public\index.php(59): CodeIgniter\Boot::bootWeb(Object(Config\Paths))
#14 C:\wamp64\www\ficha-um\system\rewrite.php(44): require_once('C:\\wamp64\\www\\f...')
#15 {main}
CRITICAL - 2025-07-20 22:07:16 --> CodeIgniter\Database\Exceptions\DatabaseException: Unable to connect to the database.
Main connection [MySQLi]: Nenhuma conexão pôde ser feita porque a máquina de destino as recusou ativamente
[Method: POST, Route: registrar-posto]
in SYSTEMPATH\Database\BaseConnection.php on line 467.
 1 SYSTEMPATH\Database\BaseConnection.php(620): CodeIgniter\Database\BaseConnection->initialize()
 2 SYSTEMPATH\Database\BaseBuilder.php(1649): CodeIgniter\Database\BaseConnection->query('SELECT 1
FROM `postos`
WHERE `cnes` = :cnes:
 LIMIT 1', [...], false)
 3 SYSTEMPATH\Validation\Rules.php(175): CodeIgniter\Database\BaseBuilder->get()
 4 SYSTEMPATH\Validation\StrictRules\Rules.php(187): CodeIgniter\Validation\Rules->is_unique('11', 'postos.cnes', [...])
 5 SYSTEMPATH\Validation\Validation.php(336): CodeIgniter\Validation\StrictRules\Rules->is_unique('11', 'postos.cnes', [...], null, 'cnes')
 6 SYSTEMPATH\Validation\Validation.php(201): CodeIgniter\Validation\Validation->processRules('cnes', 'cnes', '11', [...], [...], 'cnes')
 7 APPPATH\Controllers\PostoController.php(35): CodeIgniter\Validation\Validation->run()
 8 SYSTEMPATH\CodeIgniter.php(933): App\Controllers\PostoController->store()
 9 SYSTEMPATH\CodeIgniter.php(507): CodeIgniter\CodeIgniter->runController(Object(App\Controllers\PostoController))
10 SYSTEMPATH\CodeIgniter.php(354): CodeIgniter\CodeIgniter->handleRequest(null, Object(Config\Cache), false)
11 SYSTEMPATH\Boot.php(334): CodeIgniter\CodeIgniter->run()
12 SYSTEMPATH\Boot.php(67): CodeIgniter\Boot::runCodeIgniter(Object(CodeIgniter\CodeIgniter))
13 FCPATH\index.php(59): CodeIgniter\Boot::bootWeb(Object(Config\Paths))
14 SYSTEMPATH\rewrite.php(44): require_once('C:\\wamp64\\www\\ficha-um\\public\\index.php')
DEBUG - 2025-07-20 22:07:36 --> Session: Class initialized using 'CodeIgniter\Session\Handlers\FileHandler' driver.
DEBUG - 2025-07-20 22:07:36 --> Session: Class initialized using 'CodeIgniter\Session\Handlers\FileHandler' driver.
DEBUG - 2025-07-20 22:07:39 --> Session: Class initialized using 'CodeIgniter\Session\Handlers\FileHandler' driver.
DEBUG - 2025-07-20 22:07:43 --> Session: Class initialized using 'CodeIgniter\Session\Handlers\FileHandler' driver.
DEBUG - 2025-07-20 22:07:43 --> Session: Class initialized using 'CodeIgniter\Session\Handlers\FileHandler' driver.
DEBUG - 2025-07-20 22:07:46 --> Session: Class initialized using 'CodeIgniter\Session\Handlers\FileHandler' driver.
DEBUG - 2025-07-20 22:13:47 --> Session: Class initialized using 'CodeIgniter\Session\Handlers\FileHandler' driver.
DEBUG - 2025-07-20 22:13:47 --> Session: Class initialized using 'CodeIgniter\Session\Handlers\FileHandler' driver.
DEBUG - 2025-07-20 22:13:49 --> Session: Class initialized using 'CodeIgniter\Session\Handlers\FileHandler' driver.
DEBUG - 2025-07-20 22:13:53 --> Session: Class initialized using 'CodeIgniter\Session\Handlers\FileHandler' driver.
DEBUG - 2025-07-20 22:13:53 --> Session: Class initialized using 'CodeIgniter\Session\Handlers\FileHandler' driver.
DEBUG - 2025-07-20 22:13:57 --> Session: Class initialized using 'CodeIgniter\Session\Handlers\FileHandler' driver.
DEBUG - 2025-07-20 22:13:57 --> Session: Class initialized using 'CodeIgniter\Session\Handlers\FileHandler' driver.
DEBUG - 2025-07-20 22:14:06 --> Session: Class initialized using 'CodeIgniter\Session\Handlers\FileHandler' driver.
DEBUG - 2025-07-20 22:14:06 --> Session: Class initialized using 'CodeIgniter\Session\Handlers\FileHandler' driver.
DEBUG - 2025-07-20 22:14:22 --> Session: Class initialized using 'CodeIgniter\Session\Handlers\FileHandler' driver.
DEBUG - 2025-07-20 22:14:49 --> Session: Class initialized using 'CodeIgniter\Session\Handlers\FileHandler' driver.
DEBUG - 2025-07-20 22:14:49 --> Session: Class initialized using 'CodeIgniter\Session\Handlers\FileHandler' driver.
DEBUG - 2025-07-20 22:14:55 --> Session: Class initialized using 'CodeIgniter\Session\Handlers\FileHandler' driver.
DEBUG - 2025-07-20 22:14:55 --> Session: Class initialized using 'CodeIgniter\Session\Handlers\FileHandler' driver.
