ERROR - 2025-11-25 17:52:26 --> Error connecting to the database: mysqli_sql_exception: Access denied for user 'root'@'localhost' (using password: NO) in C:\wamp64\www\ficha-um\system\Database\MySQLi\Connection.php:201
Stack trace:
#0 C:\wamp64\www\ficha-um\system\Database\MySQLi\Connection.php(201): mysqli->real_connect('localhost', 'root', Object(SensitiveParameterValue), 'sistema_filas', 3306, '', 0)
#1 C:\wamp64\www\ficha-um\system\Database\BaseConnection.php(421): CodeIgniter\Database\MySQLi\Connection->connect(false)
#2 C:\wamp64\www\ficha-um\system\Database\BaseConnection.php(620): CodeIgniter\Database\BaseConnection->initialize()
#3 C:\wamp64\www\ficha-um\system\Database\BaseBuilder.php(1649): CodeIgniter\Database\BaseConnection->query('SELECT *\nFROM `...', Array, false)
#4 C:\wamp64\www\ficha-um\system\Model.php(330): CodeIgniter\Database\BaseBuilder->get()
#5 C:\wamp64\www\ficha-um\system\BaseModel.php(717): CodeIgniter\Model->doFirst()
#6 C:\wamp64\www\ficha-um\app\Controllers\Login.php(21): CodeIgniter\BaseModel->first()
#7 C:\wamp64\www\ficha-um\system\CodeIgniter.php(933): App\Controllers\Login->autenticar()
#8 C:\wamp64\www\ficha-um\system\CodeIgniter.php(507): CodeIgniter\CodeIgniter->runController(Object(App\Controllers\Login))
#9 C:\wamp64\www\ficha-um\system\CodeIgniter.php(354): CodeIgniter\CodeIgniter->handleRequest(NULL, Object(Config\Cache), false)
#10 C:\wamp64\www\ficha-um\system\Boot.php(334): CodeIgniter\CodeIgniter->run()
#11 C:\wamp64\www\ficha-um\system\Boot.php(67): CodeIgniter\Boot::runCodeIgniter(Object(CodeIgniter\CodeIgniter))
#12 C:\wamp64\www\ficha-um\public\index.php(59): CodeIgniter\Boot::bootWeb(Object(Config\Paths))
#13 C:\wamp64\www\ficha-um\system\rewrite.php(44): require_once('C:\\wamp64\\www\\f...')
#14 {main}

Next CodeIgniter\Database\Exceptions\DatabaseException: Access denied for user '****'@'localhost' (using password: NO) in C:\wamp64\www\ficha-um\system\Database\MySQLi\Connection.php:246
Stack trace:
#0 C:\wamp64\www\ficha-um\system\Database\BaseConnection.php(421): CodeIgniter\Database\MySQLi\Connection->connect(false)
#1 C:\wamp64\www\ficha-um\system\Database\BaseConnection.php(620): CodeIgniter\Database\BaseConnection->initialize()
#2 C:\wamp64\www\ficha-um\system\Database\BaseBuilder.php(1649): CodeIgniter\Database\BaseConnection->query('SELECT *\nFROM `...', Array, false)
#3 C:\wamp64\www\ficha-um\system\Model.php(330): CodeIgniter\Database\BaseBuilder->get()
#4 C:\wamp64\www\ficha-um\system\BaseModel.php(717): CodeIgniter\Model->doFirst()
#5 C:\wamp64\www\ficha-um\app\Controllers\Login.php(21): CodeIgniter\BaseModel->first()
#6 C:\wamp64\www\ficha-um\system\CodeIgniter.php(933): App\Controllers\Login->autenticar()
#7 C:\wamp64\www\ficha-um\system\CodeIgniter.php(507): CodeIgniter\CodeIgniter->runController(Object(App\Controllers\Login))
#8 C:\wamp64\www\ficha-um\system\CodeIgniter.php(354): CodeIgniter\CodeIgniter->handleRequest(NULL, Object(Config\Cache), false)
#9 C:\wamp64\www\ficha-um\system\Boot.php(334): CodeIgniter\CodeIgniter->run()
#10 C:\wamp64\www\ficha-um\system\Boot.php(67): CodeIgniter\Boot::runCodeIgniter(Object(CodeIgniter\CodeIgniter))
#11 C:\wamp64\www\ficha-um\public\index.php(59): CodeIgniter\Boot::bootWeb(Object(Config\Paths))
#12 C:\wamp64\www\ficha-um\system\rewrite.php(44): require_once('C:\\wamp64\\www\\f...')
#13 {main}
CRITICAL - 2025-11-25 17:52:26 --> CodeIgniter\Database\Exceptions\DatabaseException: Unable to connect to the database.
Main connection [MySQLi]: Access denied for user '****'@'localhost' (using password: NO)
[Method: POST, Route: login/autenticar]
in SYSTEMPATH\Database\BaseConnection.php on line 467.
 1 SYSTEMPATH\Database\BaseConnection.php(620): CodeIgniter\Database\BaseConnection->initialize()
 2 SYSTEMPATH\Database\BaseBuilder.php(1649): CodeIgniter\Database\BaseConnection->query('SELECT *
FROM `usuarios`
WHERE `cpf` = :cpf:
 LIMIT 1', [...], false)
 3 SYSTEMPATH\Model.php(330): CodeIgniter\Database\BaseBuilder->get()
 4 SYSTEMPATH\BaseModel.php(717): CodeIgniter\Model->doFirst()
 5 APPPATH\Controllers\Login.php(21): CodeIgniter\BaseModel->first()
 6 SYSTEMPATH\CodeIgniter.php(933): App\Controllers\Login->autenticar()
 7 SYSTEMPATH\CodeIgniter.php(507): CodeIgniter\CodeIgniter->runController(Object(App\Controllers\Login))
 8 SYSTEMPATH\CodeIgniter.php(354): CodeIgniter\CodeIgniter->handleRequest(null, Object(Config\Cache), false)
 9 SYSTEMPATH\Boot.php(334): CodeIgniter\CodeIgniter->run()
10 SYSTEMPATH\Boot.php(67): CodeIgniter\Boot::runCodeIgniter(Object(CodeIgniter\CodeIgniter))
11 FCPATH\index.php(59): CodeIgniter\Boot::bootWeb(Object(Config\Paths))
12 SYSTEMPATH\rewrite.php(44): require_once('C:\\wamp64\\www\\ficha-um\\public\\index.php')
ERROR - 2025-11-25 17:56:50 --> Error connecting to the database: mysqli_sql_exception: Access denied for user 'root'@'localhost' (using password: NO) in C:\wamp64\www\ficha-um\system\Database\MySQLi\Connection.php:201
Stack trace:
#0 C:\wamp64\www\ficha-um\system\Database\MySQLi\Connection.php(201): mysqli->real_connect('localhost', 'root', Object(SensitiveParameterValue), 'sistema_filas', 3306, '', 0)
#1 C:\wamp64\www\ficha-um\system\Database\BaseConnection.php(421): CodeIgniter\Database\MySQLi\Connection->connect(false)
#2 C:\wamp64\www\ficha-um\system\Database\BaseConnection.php(620): CodeIgniter\Database\BaseConnection->initialize()
#3 C:\wamp64\www\ficha-um\system\Database\BaseBuilder.php(1649): CodeIgniter\Database\BaseConnection->query('SELECT *\nFROM `...', Array, false)
#4 C:\wamp64\www\ficha-um\system\Model.php(330): CodeIgniter\Database\BaseBuilder->get()
#5 C:\wamp64\www\ficha-um\system\BaseModel.php(717): CodeIgniter\Model->doFirst()
#6 C:\wamp64\www\ficha-um\app\Controllers\Login.php(21): CodeIgniter\BaseModel->first()
#7 C:\wamp64\www\ficha-um\system\CodeIgniter.php(933): App\Controllers\Login->autenticar()
#8 C:\wamp64\www\ficha-um\system\CodeIgniter.php(507): CodeIgniter\CodeIgniter->runController(Object(App\Controllers\Login))
#9 C:\wamp64\www\ficha-um\system\CodeIgniter.php(354): CodeIgniter\CodeIgniter->handleRequest(NULL, Object(Config\Cache), false)
#10 C:\wamp64\www\ficha-um\system\Boot.php(334): CodeIgniter\CodeIgniter->run()
#11 C:\wamp64\www\ficha-um\system\Boot.php(67): CodeIgniter\Boot::runCodeIgniter(Object(CodeIgniter\CodeIgniter))
#12 C:\wamp64\www\ficha-um\public\index.php(59): CodeIgniter\Boot::bootWeb(Object(Config\Paths))
#13 C:\wamp64\www\ficha-um\system\rewrite.php(44): require_once('C:\\wamp64\\www\\f...')
#14 {main}

Next CodeIgniter\Database\Exceptions\DatabaseException: Access denied for user '****'@'localhost' (using password: NO) in C:\wamp64\www\ficha-um\system\Database\MySQLi\Connection.php:246
Stack trace:
#0 C:\wamp64\www\ficha-um\system\Database\BaseConnection.php(421): CodeIgniter\Database\MySQLi\Connection->connect(false)
#1 C:\wamp64\www\ficha-um\system\Database\BaseConnection.php(620): CodeIgniter\Database\BaseConnection->initialize()
#2 C:\wamp64\www\ficha-um\system\Database\BaseBuilder.php(1649): CodeIgniter\Database\BaseConnection->query('SELECT *\nFROM `...', Array, false)
#3 C:\wamp64\www\ficha-um\system\Model.php(330): CodeIgniter\Database\BaseBuilder->get()
#4 C:\wamp64\www\ficha-um\system\BaseModel.php(717): CodeIgniter\Model->doFirst()
#5 C:\wamp64\www\ficha-um\app\Controllers\Login.php(21): CodeIgniter\BaseModel->first()
#6 C:\wamp64\www\ficha-um\system\CodeIgniter.php(933): App\Controllers\Login->autenticar()
#7 C:\wamp64\www\ficha-um\system\CodeIgniter.php(507): CodeIgniter\CodeIgniter->runController(Object(App\Controllers\Login))
#8 C:\wamp64\www\ficha-um\system\CodeIgniter.php(354): CodeIgniter\CodeIgniter->handleRequest(NULL, Object(Config\Cache), false)
#9 C:\wamp64\www\ficha-um\system\Boot.php(334): CodeIgniter\CodeIgniter->run()
#10 C:\wamp64\www\ficha-um\system\Boot.php(67): CodeIgniter\Boot::runCodeIgniter(Object(CodeIgniter\CodeIgniter))
#11 C:\wamp64\www\ficha-um\public\index.php(59): CodeIgniter\Boot::bootWeb(Object(Config\Paths))
#12 C:\wamp64\www\ficha-um\system\rewrite.php(44): require_once('C:\\wamp64\\www\\f...')
#13 {main}
CRITICAL - 2025-11-25 17:56:50 --> CodeIgniter\Database\Exceptions\DatabaseException: Unable to connect to the database.
Main connection [MySQLi]: Access denied for user '****'@'localhost' (using password: NO)
[Method: POST, Route: login/autenticar]
in SYSTEMPATH\Database\BaseConnection.php on line 467.
 1 SYSTEMPATH\Database\BaseConnection.php(620): CodeIgniter\Database\BaseConnection->initialize()
 2 SYSTEMPATH\Database\BaseBuilder.php(1649): CodeIgniter\Database\BaseConnection->query('SELECT *
FROM `usuarios`
WHERE `cpf` = :cpf:
 LIMIT 1', [...], false)
 3 SYSTEMPATH\Model.php(330): CodeIgniter\Database\BaseBuilder->get()
 4 SYSTEMPATH\BaseModel.php(717): CodeIgniter\Model->doFirst()
 5 APPPATH\Controllers\Login.php(21): CodeIgniter\BaseModel->first()
 6 SYSTEMPATH\CodeIgniter.php(933): App\Controllers\Login->autenticar()
 7 SYSTEMPATH\CodeIgniter.php(507): CodeIgniter\CodeIgniter->runController(Object(App\Controllers\Login))
 8 SYSTEMPATH\CodeIgniter.php(354): CodeIgniter\CodeIgniter->handleRequest(null, Object(Config\Cache), false)
 9 SYSTEMPATH\Boot.php(334): CodeIgniter\CodeIgniter->run()
10 SYSTEMPATH\Boot.php(67): CodeIgniter\Boot::runCodeIgniter(Object(CodeIgniter\CodeIgniter))
11 FCPATH\index.php(59): CodeIgniter\Boot::bootWeb(Object(Config\Paths))
12 SYSTEMPATH\rewrite.php(44): require_once('C:\\wamp64\\www\\ficha-um\\public\\index.php')
